<?xml version="1.0" encoding="UTF-8"?>
<!-- Generated by org.testng.reporters.JUnitXMLReporter -->
<testsuite ignored="0" hostname="LTIN364042" failures="0" tests="10" name="Default test" time="150.838" errors="0" timestamp="2024-05-07T15:27:45 IST">
  <testcase classname="testCases.TC_001_GumTree" name="login" time="48.524"/>
  <testcase classname="testCases.TC_001_GumTree" name="getCarDetails" time="25.96"/>
  <testcase classname="testCases.TC_001_GumTree" name="adSearch" time="3.988"/>
  <testcase classname="testCases.TC_001_GumTree" name="adDetails" time="12.055"/>
  <testcase classname="testCases.TC_001_GumTree" name="profileVerification" time="10.674"/>
  <testcase classname="testCases.TC_001_GumTree" name="favouriteAds" time="10.546"/>
  <testcase classname="testCases.TC_001_GumTree" name="MyDetails" time="5.425"/>
  <testcase classname="testCases.TC_001_GumTree" name="AboutGumtree" time="9.753"/>
  <testcase classname="testCases.TC_001_GumTree" name="logout" time="2.757"/>
  <testcase classname="testCases.TC_001_GumTree" name="InValidLogin" time="5.618"/>
</testsuite> <!-- Default test -->
