<?xml version="1.0" encoding="UTF-8"?>
<!-- Generated by org.testng.reporters.JUnitXMLReporter -->
<testsuite ignored="0" hostname="LTIN517375" failures="0" tests="10" name="Test" time="173.824" errors="0" timestamp="2024-05-09T10:17:17 IST">
  <testcase classname="testCases.TC_001_GumTree" name="login" time="34.084"/>
  <testcase classname="testCases.TC_001_GumTree" name="getCarDetails" time="35.281"/>
  <testcase classname="testCases.TC_001_GumTree" name="adSearch" time="5.192"/>
  <testcase classname="testCases.TC_001_GumTree" name="adDetails" time="11.247"/>
  <testcase classname="testCases.TC_001_GumTree" name="profileVerification" time="14.145"/>
  <testcase classname="testCases.TC_001_GumTree" name="favouriteAds" time="13.835"/>
  <testcase classname="testCases.TC_001_GumTree" name="MyDetails" time="6.721"/>
  <testcase classname="testCases.TC_001_GumTree" name="AboutGumtree" time="7.646"/>
  <testcase classname="testCases.TC_001_GumTree" name="logout" time="5.024"/>
  <testcase classname="testCases.TC_001_GumTree" name="InValidLogin" time="10.031"/>
</testsuite> <!-- Test -->
